<?xml version="1.0" encoding="UTF-8"?>
<testng-results skipped="0" failed="0" ignored="0" total="0" passed="0">
  <reporter-output>
  </reporter-output>
  <suite name="Suite" duration-ms="33312" started-at="2017-10-22T07:57:04Z" finished-at="2017-10-22T07:57:37Z">
    <groups>
    </groups>
    <test name="IETest" duration-ms="12583" started-at="2017-10-22T07:57:04Z" finished-at="2017-10-22T07:57:16Z">
      <class name="BetaTest.Test_Selenium_Grid">
        <test-method status="PASS" signature="Launch_App(java.lang.String)[pri:0, instance:BetaTest.Test_Selenium_Grid@6d4b1c02]" name="Launch_App" is-config="true" duration-ms="12577" started-at="2017-10-22T14:57:04Z" finished-at="2017-10-22T14:57:16Z">
          <params>
            <param index="0">
              <value>
                <![CDATA[ie]]>
              </value>
            </param>
          </params>
          <reporter-output>
          </reporter-output>
        </test-method> <!-- Launch_App -->
      </class> <!-- BetaTest.Test_Selenium_Grid -->
    </test> <!-- IETest -->
    <test name="ChromeTest" duration-ms="19684" started-at="2017-10-22T07:57:04Z" finished-at="2017-10-22T07:57:23Z">
      <class name="BetaTest.Test_Selenium_Grid">
        <test-method status="PASS" signature="Launch_App(java.lang.String)[pri:0, instance:BetaTest.Test_Selenium_Grid@5c3bd550]" name="Launch_App" is-config="true" duration-ms="19680" started-at="2017-10-22T14:57:04Z" finished-at="2017-10-22T14:57:23Z">
          <params>
            <param index="0">
              <value>
                <![CDATA[chrome]]>
              </value>
            </param>
          </params>
          <reporter-output>
          </reporter-output>
        </test-method> <!-- Launch_App -->
      </class> <!-- BetaTest.Test_Selenium_Grid -->
    </test> <!-- ChromeTest -->
    <test name="FirefoxTest" duration-ms="33312" started-at="2017-10-22T07:57:04Z" finished-at="2017-10-22T07:57:37Z">
      <class name="BetaTest.Test_Selenium_Grid">
        <test-method status="PASS" signature="Launch_App(java.lang.String)[pri:0, instance:BetaTest.Test_Selenium_Grid@224edc67]" name="Launch_App" is-config="true" duration-ms="33309" started-at="2017-10-22T14:57:04Z" finished-at="2017-10-22T14:57:37Z">
          <params>
            <param index="0">
              <value>
                <![CDATA[firefox]]>
              </value>
            </param>
          </params>
          <reporter-output>
          </reporter-output>
        </test-method> <!-- Launch_App -->
      </class> <!-- BetaTest.Test_Selenium_Grid -->
    </test> <!-- FirefoxTest -->
  </suite> <!-- Suite -->
</testng-results>
